  main.cpp
  Please define _WIN32_WINNT or _WIN32_WINDOWS appropriately. For example:
  - add -D_WIN32_WINNT=0x0601 to the compiler command line; or
  - add _WIN32_WINNT=0x0601 to your project's Preprocessor Definitions.
  Assuming _WIN32_WINNT=0x0601 (i.e. Windows 7 target).
E:\STDISCM\Ps3\src\CPP\Project1\Project1\main.cpp(146,60): warning C4244: 'argument': conversion from 'int' to 'T', possible loss of data
          with
          [
              T=float
          ]
E:\STDISCM\Ps3\src\CPP\Project1\Project1\main.cpp(146,48): warning C4244: 'argument': conversion from 'int' to 'T', possible loss of data
          with
          [
              T=float
          ]
E:\STDISCM\Ps3\src\CPP\Project1\Project1\main.cpp(147,50): warning C4244: 'argument': conversion from 'int' to 'float', possible loss of data
E:\STDISCM\Ps3\src\CPP\Project1\Project1\main.cpp(147,30): warning C4244: 'argument': conversion from 'int' to 'float', possible loss of data
E:\STDISCM\Ps3\src\CPP\Project1\Project1\main.cpp(156,60): warning C4244: 'argument': conversion from 'int' to 'T', possible loss of data
          with
          [
              T=float
          ]
E:\STDISCM\Ps3\src\CPP\Project1\Project1\main.cpp(156,48): warning C4244: 'argument': conversion from 'int' to 'T', possible loss of data
          with
          [
              T=float
          ]
E:\STDISCM\Ps3\src\CPP\Project1\Project1\main.cpp(158,62): warning C4244: 'argument': conversion from 'int' to 'float', possible loss of data
E:\STDISCM\Ps3\src\CPP\Project1\Project1\main.cpp(158,36): warning C4244: 'argument': conversion from 'int' to 'float', possible loss of data
E:\STDISCM\Ps3\src\CPP\Project1\Project1\main.cpp(206,31): warning C4244: 'argument': conversion from 'int' to 'float', possible loss of data
E:\STDISCM\Ps3\src\CPP\Project1\Project1\main.cpp(206,28): warning C4244: 'argument': conversion from 'int' to 'float', possible loss of data
E:\STDISCM\Ps3\src\CPP\Project1\Project1\main.cpp(224,38): warning C4244: 'argument': conversion from 'double' to 'float', possible loss of data
E:\STDISCM\Ps3\src\CPP\Project1\Project1\main.cpp(225,37): warning C4244: 'argument': conversion from 'int' to 'float', possible loss of data
E:\STDISCM\Ps3\src\CPP\Project1\Project1\main.cpp(225,28): warning C4244: 'argument': conversion from 'int' to 'float', possible loss of data
E:\STDISCM\Ps3\src\CPP\Project1\Project1\main.cpp(397,23): warning C4267: 'initializing': conversion from 'size_t' to 'int', possible loss of data
E:\STDISCM\Ps3\src\CPP\Project1\Project1\main.cpp(477,24): warning C4244: '=': conversion from 'SOCKET' to 'int', possible loss of data
E:\STDISCM\Ps3\src\CPP\Project1\Project1\main.cpp(527,25): warning C4244: '=': conversion from 'SOCKET' to 'int', possible loss of data
E:\STDISCM\Ps3\src\CPP\Project1\Project1\main.cpp(540,38): warning C4267: 'argument': conversion from 'size_t' to 'int', possible loss of data
  Project1.vcxproj -> E:\STDISCM\Ps3\src\CPP\Project1\x64\Debug\Project1.exe
  'pwsh.exe' is not recognized as an internal or external command,
  operable program or batch file.
